<?xml version="1.0" encoding="UTF-8"?>
<testsuite xmlns:xsi="http://www.w3.org/2001/XMLSchema-instance" xsi:noNamespaceSchemaLocation="https://maven.apache.org/surefire/maven-surefire-plugin/xsd/surefire-test-report-3.0.xsd" version="3.0" name="TestSuite" time="0.794" tests="2" errors="0" skipped="0" failures="0">
  <properties>
[...]
</properties>
  <testcase name="test" classname="Test2" time="0.01">
    <system-out><![CDATA[test
]]></system-out>
  </testcase>
  <testcase name="test2" classname="Test2" time="0.002">
    <system-out><![CDATA[test2
]]></system-out>
  </testcase>
</testsuite>