<?xml version="1.0" encoding="UTF-8"?>
<testng-results skipped="0" failed="0" total="2" passed="2">
  <reporter-output>
  </reporter-output>
  <suite name="test2" duration-ms="22" started-at="2021-06-11T13:09:23Z" finished-at="2021-06-11T13:09:23Z">
    <groups>
    </groups>
    <test name="test2" duration-ms="22" started-at="2021-06-11T13:09:23Z" finished-at="2021-06-11T13:09:23Z">
      <class name="Test2">
        <test-method status="PASS" signature="test()[pri:0, instance:Test2@2ed94a8b]" name="test" duration-ms="10" started-at="2021-06-11T18:39:23Z" finished-at="2021-06-11T18:39:23Z">
          <reporter-output>
          </reporter-output>
        </test-method> <!-- test -->
        <test-method status="PASS" signature="test2()[pri:0, instance:Test2@2ed94a8b]" name="test2" duration-ms="0" started-at="2021-06-11T18:39:23Z" finished-at="2021-06-11T18:39:23Z">
          <reporter-output>
          </reporter-output>
        </test-method> <!-- test2 -->
      </class> <!-- Test2 -->
    </test> <!-- test2 -->
  </suite> <!-- test2 -->
</testng-results>
